#! /usr/local/Cellar/icarus-verilog/11.0/bin/vvp
:ivl_version "11.0 (stable)";
:ivl_delay_selection "TYPICAL";
:vpi_time_precision + 0;
:vpi_module "/usr/local/Cellar/icarus-verilog/11.0/lib/ivl/system.vpi";
:vpi_module "/usr/local/Cellar/icarus-verilog/11.0/lib/ivl/vhdl_sys.vpi";
:vpi_module "/usr/local/Cellar/icarus-verilog/11.0/lib/ivl/vhdl_textio.vpi";
:vpi_module "/usr/local/Cellar/icarus-verilog/11.0/lib/ivl/v2005_math.vpi";
:vpi_module "/usr/local/Cellar/icarus-verilog/11.0/lib/ivl/va_math.vpi";
S_0x7fee9a7045c0 .scope module, "decode" "decode" 2 3;
 .timescale 0 0;
    .port_info 0 /INPUT 1 "clk";
    .port_info 1 /INPUT 1 "rst";
    .port_info 2 /INPUT 1 "rdy";
    .port_info 3 /INPUT 32 "in_fetcher_instr";
    .port_info 4 /INPUT 32 "in_fetcher_pc";
    .port_info 5 /OUTPUT 5 "out_reg_tag1";
    .port_info 6 /INPUT 32 "in_reg_value1";
    .port_info 7 /INPUT 4 "in_reg_robtag1";
    .port_info 8 /INPUT 1 "in_reg_busy1";
    .port_info 9 /OUTPUT 5 "out_reg_tag2";
    .port_info 10 /INPUT 32 "in_reg_value2";
    .port_info 11 /INPUT 4 "in_reg_robtag2";
    .port_info 12 /INPUT 1 "in_reg_busy2";
    .port_info 13 /OUTPUT 5 "out_reg_destination";
    .port_info 14 /OUTPUT 4 "out_reg_rob_tag";
    .port_info 15 /INPUT 4 "in_rob_freetag";
    .port_info 16 /OUTPUT 4 "out_rob_fetch_tag1";
    .port_info 17 /INPUT 32 "in_rob_fetch_value1";
    .port_info 18 /INPUT 1 "in_rob_fetch_ready1";
    .port_info 19 /OUTPUT 4 "out_rob_fetch_tag2";
    .port_info 20 /INPUT 32 "in_rob_fetch_value2";
    .port_info 21 /INPUT 1 "in_rob_fetch_ready2";
    .port_info 22 /OUTPUT 32 "out_rob_destination";
    .port_info 23 /OUTPUT 6 "out_rob_op";
    .port_info 24 /OUTPUT 4 "out_rs_rob_tag";
    .port_info 25 /OUTPUT 6 "out_rs_op";
    .port_info 26 /OUTPUT 32 "out_rs_value1";
    .port_info 27 /OUTPUT 32 "out_rs_value2";
    .port_info 28 /OUTPUT 4 "out_rs_tag1";
    .port_info 29 /OUTPUT 4 "out_rs_tag2";
    .port_info 30 /OUTPUT 32 "out_rs_imm";
    .port_info 31 /OUTPUT 32 "out_rs_pc";
    .port_info 32 /OUTPUT 4 "out_lsb_rob_tag";
    .port_info 33 /OUTPUT 6 "out_lsb_op";
    .port_info 34 /OUTPUT 32 "out_lsb_value1";
    .port_info 35 /OUTPUT 32 "out_lsb_value2";
    .port_info 36 /OUTPUT 4 "out_lsb_tag1";
    .port_info 37 /OUTPUT 4 "out_lsb_tag2";
    .port_info 38 /OUTPUT 32 "out_lsb_imm";
P_0x7fee9a70dc00 .param/l "AI_TYPE" 0 2 66, C4<0010011>;
P_0x7fee9a70dc40 .param/l "AUIPC" 0 2 65, C4<0010111>;
P_0x7fee9a70dc80 .param/l "B_TYPE" 0 2 66, C4<1100011>;
P_0x7fee9a70dcc0 .param/l "JAL" 0 2 65, C4<1101111>;
P_0x7fee9a70dd00 .param/l "JALR" 0 2 65, C4<1100111>;
P_0x7fee9a70dd40 .param/l "LI_TYPE" 0 2 66, C4<0000011>;
P_0x7fee9a70dd80 .param/l "LUI" 0 2 65, C4<0110111>;
P_0x7fee9a70ddc0 .param/l "R_TYPE" 0 2 66, C4<0110011>;
P_0x7fee9a70de00 .param/l "S_TYPE" 0 2 66, C4<0100011>;
o0x7fee9b032638 .functor BUFZ 4, C4<zzzz>; HiZ drive
L_0x6000018e90a0 .functor BUFZ 4, o0x7fee9b032638, C4<0000>, C4<0000>, C4<0000>;
o0x7fee9b032668 .functor BUFZ 4, C4<zzzz>; HiZ drive
L_0x6000018e9500 .functor BUFZ 4, o0x7fee9b032668, C4<0000>, C4<0000>, C4<0000>;
o0x7fee9b0327b8 .functor BUFZ 4, C4<zzzz>; HiZ drive
L_0x6000018e9570 .functor BUFZ 4, o0x7fee9b0327b8, C4<0000>, C4<0000>, C4<0000>;
o0x7fee9b0325a8 .functor BUFZ 32, C4<zzzzzzzzzzzzzzzzzzzzzzzzzzzzzzzz>; HiZ drive
L_0x6000018e95e0 .functor BUFZ 32, o0x7fee9b0325a8, C4<00000000000000000000000000000000>, C4<00000000000000000000000000000000>, C4<00000000000000000000000000000000>;
o0x7fee9b0325d8 .functor BUFZ 1, C4<z>; HiZ drive
L_0x7fee9b063008 .functor BUFT 1, C4<0>, C4<0>, C4<0>, C4<0>;
L_0x6000018e9650 .functor XNOR 1, o0x7fee9b0325d8, L_0x7fee9b063008, C4<0>, C4<0>;
o0x7fee9b0326f8 .functor BUFZ 1, C4<z>; HiZ drive
L_0x7fee9b063050 .functor BUFT 1, C4<1>, C4<0>, C4<0>, C4<0>;
L_0x6000018e96c0 .functor XNOR 1, o0x7fee9b0326f8, L_0x7fee9b063050, C4<0>, C4<0>;
L_0x7fee9b0630e0 .functor BUFT 1, C4<0>, C4<0>, C4<0>, C4<0>;
L_0x6000018e9730 .functor XNOR 1, o0x7fee9b0325d8, L_0x7fee9b0630e0, C4<0>, C4<0>;
L_0x7fee9b063170 .functor BUFT 1, C4<1>, C4<0>, C4<0>, C4<0>;
L_0x6000018e97a0 .functor XNOR 1, o0x7fee9b0326f8, L_0x7fee9b063170, C4<0>, C4<0>;
o0x7fee9b032608 .functor BUFZ 1, C4<z>; HiZ drive
L_0x7fee9b063200 .functor BUFT 1, C4<0>, C4<0>, C4<0>, C4<0>;
L_0x6000018e9810 .functor XNOR 1, o0x7fee9b032608, L_0x7fee9b063200, C4<0>, C4<0>;
o0x7fee9b032728 .functor BUFZ 1, C4<z>; HiZ drive
L_0x7fee9b063248 .functor BUFT 1, C4<1>, C4<0>, C4<0>, C4<0>;
L_0x6000018e9880 .functor XNOR 1, o0x7fee9b032728, L_0x7fee9b063248, C4<0>, C4<0>;
L_0x7fee9b0632d8 .functor BUFT 1, C4<0>, C4<0>, C4<0>, C4<0>;
L_0x6000018e98f0 .functor XNOR 1, o0x7fee9b032608, L_0x7fee9b0632d8, C4<0>, C4<0>;
L_0x7fee9b063368 .functor BUFT 1, C4<1>, C4<0>, C4<0>, C4<0>;
L_0x6000018e9960 .functor XNOR 1, o0x7fee9b032728, L_0x7fee9b063368, C4<0>, C4<0>;
v0x6000001ee130_0 .net/2u *"_ivl_20", 0 0, L_0x7fee9b063008;  1 drivers
v0x6000001ee1c0_0 .net *"_ivl_22", 0 0, L_0x6000018e9650;  1 drivers
v0x6000001ee250_0 .net/2u *"_ivl_24", 0 0, L_0x7fee9b063050;  1 drivers
v0x6000001ee2e0_0 .net *"_ivl_26", 0 0, L_0x6000018e96c0;  1 drivers
L_0x7fee9b063098 .functor BUFT 1, C4<00000000000000000000000000000000>, C4<0>, C4<0>, C4<0>;
v0x6000001ee370_0 .net/2u *"_ivl_28", 31 0, L_0x7fee9b063098;  1 drivers
v0x6000001ee400_0 .net *"_ivl_30", 31 0, L_0x6000002ec460;  1 drivers
v0x6000001ee490_0 .net/2u *"_ivl_34", 0 0, L_0x7fee9b0630e0;  1 drivers
v0x6000001ee520_0 .net *"_ivl_36", 0 0, L_0x6000018e9730;  1 drivers
L_0x7fee9b063128 .functor BUFT 1, C4<0000>, C4<0>, C4<0>, C4<0>;
v0x6000001ee5b0_0 .net/2u *"_ivl_38", 3 0, L_0x7fee9b063128;  1 drivers
v0x6000001ee640_0 .net/2u *"_ivl_40", 0 0, L_0x7fee9b063170;  1 drivers
v0x6000001ee6d0_0 .net *"_ivl_42", 0 0, L_0x6000018e97a0;  1 drivers
L_0x7fee9b0631b8 .functor BUFT 1, C4<0000>, C4<0>, C4<0>, C4<0>;
v0x6000001ee760_0 .net/2u *"_ivl_44", 3 0, L_0x7fee9b0631b8;  1 drivers
v0x6000001ee7f0_0 .net *"_ivl_46", 3 0, L_0x6000002ec5a0;  1 drivers
v0x6000001ee880_0 .net/2u *"_ivl_50", 0 0, L_0x7fee9b063200;  1 drivers
v0x6000001ee910_0 .net *"_ivl_52", 0 0, L_0x6000018e9810;  1 drivers
v0x6000001ee9a0_0 .net/2u *"_ivl_54", 0 0, L_0x7fee9b063248;  1 drivers
v0x6000001eea30_0 .net *"_ivl_56", 0 0, L_0x6000018e9880;  1 drivers
L_0x7fee9b063290 .functor BUFT 1, C4<00000000000000000000000000000000>, C4<0>, C4<0>, C4<0>;
v0x6000001eeac0_0 .net/2u *"_ivl_58", 31 0, L_0x7fee9b063290;  1 drivers
v0x6000001eeb50_0 .net *"_ivl_60", 31 0, L_0x6000002ec6e0;  1 drivers
v0x6000001eebe0_0 .net/2u *"_ivl_64", 0 0, L_0x7fee9b0632d8;  1 drivers
v0x6000001eec70_0 .net *"_ivl_66", 0 0, L_0x6000018e98f0;  1 drivers
L_0x7fee9b063320 .functor BUFT 1, C4<0000>, C4<0>, C4<0>, C4<0>;
v0x6000001eed00_0 .net/2u *"_ivl_68", 3 0, L_0x7fee9b063320;  1 drivers
v0x6000001eed90_0 .net/2u *"_ivl_70", 0 0, L_0x7fee9b063368;  1 drivers
v0x6000001eee20_0 .net *"_ivl_72", 0 0, L_0x6000018e9960;  1 drivers
L_0x7fee9b0633b0 .functor BUFT 1, C4<0000>, C4<0>, C4<0>, C4<0>;
v0x6000001eeeb0_0 .net/2u *"_ivl_74", 3 0, L_0x7fee9b0633b0;  1 drivers
v0x6000001eef40_0 .net *"_ivl_76", 3 0, L_0x6000002ec820;  1 drivers
o0x7fee9b0324e8 .functor BUFZ 1, C4<z>; HiZ drive
v0x6000001eefd0_0 .net "clk", 0 0, o0x7fee9b0324e8;  0 drivers
v0x6000001ef060_0 .net "funct3", 2 0, L_0x6000002ec140;  1 drivers
v0x6000001ef0f0_0 .net "funct7", 6 0, L_0x6000002ec1e0;  1 drivers
o0x7fee9b032578 .functor BUFZ 32, C4<zzzzzzzzzzzzzzzzzzzzzzzzzzzzzzzz>; HiZ drive
v0x6000001ef180_0 .net "in_fetcher_instr", 31 0, o0x7fee9b032578;  0 drivers
v0x6000001ef210_0 .net "in_fetcher_pc", 31 0, o0x7fee9b0325a8;  0 drivers
v0x6000001ef2a0_0 .net "in_reg_busy1", 0 0, o0x7fee9b0325d8;  0 drivers
v0x6000001ef330_0 .net "in_reg_busy2", 0 0, o0x7fee9b032608;  0 drivers
v0x6000001ef3c0_0 .net "in_reg_robtag1", 3 0, o0x7fee9b032638;  0 drivers
v0x6000001ef450_0 .net "in_reg_robtag2", 3 0, o0x7fee9b032668;  0 drivers
o0x7fee9b032698 .functor BUFZ 32, C4<zzzzzzzzzzzzzzzzzzzzzzzzzzzzzzzz>; HiZ drive
v0x6000001ef4e0_0 .net "in_reg_value1", 31 0, o0x7fee9b032698;  0 drivers
o0x7fee9b0326c8 .functor BUFZ 32, C4<zzzzzzzzzzzzzzzzzzzzzzzzzzzzzzzz>; HiZ drive
v0x6000001ef570_0 .net "in_reg_value2", 31 0, o0x7fee9b0326c8;  0 drivers
v0x6000001ef600_0 .net "in_rob_fetch_ready1", 0 0, o0x7fee9b0326f8;  0 drivers
v0x6000001ef690_0 .net "in_rob_fetch_ready2", 0 0, o0x7fee9b032728;  0 drivers
o0x7fee9b032758 .functor BUFZ 32, C4<zzzzzzzzzzzzzzzzzzzzzzzzzzzzzzzz>; HiZ drive
v0x6000001ef720_0 .net "in_rob_fetch_value1", 31 0, o0x7fee9b032758;  0 drivers
o0x7fee9b032788 .functor BUFZ 32, C4<zzzzzzzzzzzzzzzzzzzzzzzzzzzzzzzz>; HiZ drive
v0x6000001ef7b0_0 .net "in_rob_fetch_value2", 31 0, o0x7fee9b032788;  0 drivers
v0x6000001ef840_0 .net "in_rob_freetag", 3 0, o0x7fee9b0327b8;  0 drivers
v0x6000001ef8d0_0 .net "opcode", 6 0, L_0x6000002ec0a0;  1 drivers
v0x6000001ef960_0 .var "out_lsb_imm", 31 0;
v0x6000001ef9f0_0 .var "out_lsb_op", 5 0;
v0x6000001efa80_0 .var "out_lsb_rob_tag", 3 0;
v0x6000001efb10_0 .var "out_lsb_tag1", 3 0;
v0x6000001efba0_0 .var "out_lsb_tag2", 3 0;
v0x6000001efc30_0 .var "out_lsb_value1", 31 0;
v0x6000001efcc0_0 .var "out_lsb_value2", 31 0;
v0x6000001efd50_0 .var "out_reg_destination", 4 0;
v0x6000001efde0_0 .net "out_reg_rob_tag", 3 0, L_0x6000018e9570;  1 drivers
v0x6000001efe70_0 .net "out_reg_tag1", 4 0, L_0x6000002ec320;  1 drivers
v0x6000001eff00_0 .net "out_reg_tag2", 4 0, L_0x6000002ec3c0;  1 drivers
v0x6000001e8000_0 .var "out_rob_destination", 31 0;
v0x6000001e8090_0 .net "out_rob_fetch_tag1", 3 0, L_0x6000018e90a0;  1 drivers
v0x6000001e8120_0 .net "out_rob_fetch_tag2", 3 0, L_0x6000018e9500;  1 drivers
v0x6000001e81b0_0 .var "out_rob_op", 5 0;
v0x6000001e8240_0 .var "out_rs_imm", 31 0;
v0x6000001e82d0_0 .var "out_rs_op", 5 0;
v0x6000001e8360_0 .net "out_rs_pc", 31 0, L_0x6000018e95e0;  1 drivers
v0x6000001e83f0_0 .var "out_rs_rob_tag", 3 0;
v0x6000001e8480_0 .var "out_rs_tag1", 3 0;
v0x6000001e8510_0 .var "out_rs_tag2", 3 0;
v0x6000001e85a0_0 .var "out_rs_value1", 31 0;
v0x6000001e8630_0 .var "out_rs_value2", 31 0;
v0x6000001e86c0_0 .net "rd", 4 0, L_0x6000002ec280;  1 drivers
o0x7fee9b032c98 .functor BUFZ 1, C4<z>; HiZ drive
v0x6000001e8750_0 .net "rdy", 0 0, o0x7fee9b032c98;  0 drivers
o0x7fee9b032cc8 .functor BUFZ 1, C4<z>; HiZ drive
v0x6000001e87e0_0 .net "rst", 0 0, o0x7fee9b032cc8;  0 drivers
v0x6000001e8870_0 .net "tag1", 3 0, L_0x6000002ec640;  1 drivers
v0x6000001e8900_0 .net "tag2", 3 0, L_0x6000002ec8c0;  1 drivers
v0x6000001e8990_0 .net "value1", 31 0, L_0x6000002ec500;  1 drivers
v0x6000001e8a20_0 .net "value2", 31 0, L_0x6000002ec780;  1 drivers
E_0x600003de00c0/0 .event edge, v0x6000001e87e0_0, v0x6000001e8750_0, v0x6000001ef8d0_0, v0x6000001e86c0_0;
E_0x600003de00c0/1 .event edge, v0x6000001ef840_0, v0x6000001ef180_0, v0x6000001e8990_0, v0x6000001e8870_0;
E_0x600003de00c0/2 .event edge, v0x6000001e8a20_0, v0x6000001e8900_0, v0x6000001ef060_0, v0x6000001ef0f0_0;
E_0x600003de00c0 .event/or E_0x600003de00c0/0, E_0x600003de00c0/1, E_0x600003de00c0/2;
L_0x6000002ec0a0 .part o0x7fee9b032578, 0, 7;
L_0x6000002ec140 .part o0x7fee9b032578, 12, 3;
L_0x6000002ec1e0 .part o0x7fee9b032578, 25, 7;
L_0x6000002ec280 .part o0x7fee9b032578, 7, 5;
L_0x6000002ec320 .part o0x7fee9b032578, 15, 5;
L_0x6000002ec3c0 .part o0x7fee9b032578, 20, 5;
L_0x6000002ec460 .functor MUXZ 32, L_0x7fee9b063098, o0x7fee9b032758, L_0x6000018e96c0, C4<>;
L_0x6000002ec500 .functor MUXZ 32, L_0x6000002ec460, o0x7fee9b032698, L_0x6000018e9650, C4<>;
L_0x6000002ec5a0 .functor MUXZ 4, o0x7fee9b032638, L_0x7fee9b0631b8, L_0x6000018e97a0, C4<>;
L_0x6000002ec640 .functor MUXZ 4, L_0x6000002ec5a0, L_0x7fee9b063128, L_0x6000018e9730, C4<>;
L_0x6000002ec6e0 .functor MUXZ 32, L_0x7fee9b063290, o0x7fee9b032788, L_0x6000018e9880, C4<>;
L_0x6000002ec780 .functor MUXZ 32, L_0x6000002ec6e0, o0x7fee9b0326c8, L_0x6000018e9810, C4<>;
L_0x6000002ec820 .functor MUXZ 4, o0x7fee9b032668, L_0x7fee9b0633b0, L_0x6000018e9960, C4<>;
L_0x6000002ec8c0 .functor MUXZ 4, L_0x6000002ec820, L_0x7fee9b063320, L_0x6000018e98f0, C4<>;
    .scope S_0x7fee9a7045c0;
T_0 ;
    %wait E_0x600003de00c0;
    %pushi/vec4 0, 0, 32;
    %store/vec4 v0x6000001e8000_0, 0, 32;
    %pushi/vec4 0, 0, 6;
    %store/vec4 v0x6000001e81b0_0, 0, 6;
    %pushi/vec4 0, 0, 4;
    %store/vec4 v0x6000001e83f0_0, 0, 4;
    %pushi/vec4 0, 0, 6;
    %store/vec4 v0x6000001e82d0_0, 0, 6;
    %pushi/vec4 0, 0, 32;
    %store/vec4 v0x6000001e8240_0, 0, 32;
    %pushi/vec4 0, 0, 6;
    %store/vec4 v0x6000001ef9f0_0, 0, 6;
    %pushi/vec4 0, 0, 32;
    %store/vec4 v0x6000001ef960_0, 0, 32;
    %pushi/vec4 0, 0, 4;
    %store/vec4 v0x6000001efa80_0, 0, 4;
    %pushi/vec4 0, 0, 5;
    %store/vec4 v0x6000001efd50_0, 0, 5;
    %pushi/vec4 0, 0, 32;
    %store/vec4 v0x6000001e85a0_0, 0, 32;
    %pushi/vec4 0, 0, 4;
    %store/vec4 v0x6000001e8480_0, 0, 4;
    %pushi/vec4 0, 0, 32;
    %store/vec4 v0x6000001e8630_0, 0, 32;
    %pushi/vec4 0, 0, 4;
    %store/vec4 v0x6000001e8510_0, 0, 4;
    %pushi/vec4 0, 0, 32;
    %store/vec4 v0x6000001efc30_0, 0, 32;
    %pushi/vec4 0, 0, 4;
    %store/vec4 v0x6000001efb10_0, 0, 4;
    %pushi/vec4 0, 0, 32;
    %store/vec4 v0x6000001efcc0_0, 0, 32;
    %pushi/vec4 0, 0, 4;
    %store/vec4 v0x6000001efba0_0, 0, 4;
    %load/vec4 v0x6000001e87e0_0;
    %pushi/vec4 0, 0, 1;
    %cmp/e;
    %flag_get/vec4 4;
    %load/vec4 v0x6000001e8750_0;
    %pushi/vec4 1, 0, 1;
    %cmp/e;
    %flag_get/vec4 4;
    %and;
    %flag_set/vec4 8;
    %jmp/0xz  T_0.0, 8;
    %load/vec4 v0x6000001ef8d0_0;
    %dup/vec4;
    %pushi/vec4 55, 0, 7;
    %cmp/u;
    %jmp/1 T_0.2, 6;
    %dup/vec4;
    %pushi/vec4 23, 0, 7;
    %cmp/u;
    %jmp/1 T_0.3, 6;
    %dup/vec4;
    %pushi/vec4 111, 0, 7;
    %cmp/u;
    %jmp/1 T_0.4, 6;
    %dup/vec4;
    %pushi/vec4 103, 0, 7;
    %cmp/u;
    %jmp/1 T_0.5, 6;
    %dup/vec4;
    %pushi/vec4 99, 0, 7;
    %cmp/u;
    %jmp/1 T_0.6, 6;
    %dup/vec4;
    %pushi/vec4 3, 0, 7;
    %cmp/u;
    %jmp/1 T_0.7, 6;
    %dup/vec4;
    %pushi/vec4 35, 0, 7;
    %cmp/u;
    %jmp/1 T_0.8, 6;
    %dup/vec4;
    %pushi/vec4 19, 0, 7;
    %cmp/u;
    %jmp/1 T_0.9, 6;
    %dup/vec4;
    %pushi/vec4 51, 0, 7;
    %cmp/u;
    %jmp/1 T_0.10, 6;
    %jmp T_0.11;
T_0.2 ;
    %pushi/vec4 1, 0, 6;
    %store/vec4 v0x6000001e81b0_0, 0, 6;
    %pushi/vec4 0, 0, 27;
    %load/vec4 v0x6000001e86c0_0;
    %concat/vec4; draw_concat_vec4
    %store/vec4 v0x6000001e8000_0, 0, 32;
    %load/vec4 v0x6000001ef840_0;
    %store/vec4 v0x6000001e83f0_0, 0, 4;
    %pushi/vec4 1, 0, 6;
    %store/vec4 v0x6000001e82d0_0, 0, 6;
    %load/vec4 v0x6000001ef180_0;
    %parti/s 20, 12, 5;
    %concati/vec4 0, 0, 12;
    %store/vec4 v0x6000001e8240_0, 0, 32;
    %load/vec4 v0x6000001e86c0_0;
    %store/vec4 v0x6000001efd50_0, 0, 5;
    %jmp T_0.11;
T_0.3 ;
    %pushi/vec4 2, 0, 6;
    %store/vec4 v0x6000001e81b0_0, 0, 6;
    %pushi/vec4 0, 0, 27;
    %load/vec4 v0x6000001e86c0_0;
    %concat/vec4; draw_concat_vec4
    %store/vec4 v0x6000001e8000_0, 0, 32;
    %load/vec4 v0x6000001ef840_0;
    %store/vec4 v0x6000001e83f0_0, 0, 4;
    %pushi/vec4 2, 0, 6;
    %store/vec4 v0x6000001e82d0_0, 0, 6;
    %load/vec4 v0x6000001ef180_0;
    %parti/s 20, 12, 5;
    %concati/vec4 0, 0, 12;
    %store/vec4 v0x6000001e8240_0, 0, 32;
    %load/vec4 v0x6000001e86c0_0;
    %store/vec4 v0x6000001efd50_0, 0, 5;
    %jmp T_0.11;
T_0.4 ;
    %pushi/vec4 3, 0, 6;
    %store/vec4 v0x6000001e81b0_0, 0, 6;
    %pushi/vec4 0, 0, 27;
    %load/vec4 v0x6000001e86c0_0;
    %concat/vec4; draw_concat_vec4
    %store/vec4 v0x6000001e8000_0, 0, 32;
    %load/vec4 v0x6000001ef840_0;
    %store/vec4 v0x6000001e83f0_0, 0, 4;
    %pushi/vec4 3, 0, 6;
    %store/vec4 v0x6000001e82d0_0, 0, 6;
    %load/vec4 v0x6000001e86c0_0;
    %store/vec4 v0x6000001efd50_0, 0, 5;
    %jmp T_0.11;
T_0.5 ;
    %pushi/vec4 4, 0, 6;
    %store/vec4 v0x6000001e81b0_0, 0, 6;
    %pushi/vec4 0, 0, 27;
    %load/vec4 v0x6000001e86c0_0;
    %concat/vec4; draw_concat_vec4
    %store/vec4 v0x6000001e8000_0, 0, 32;
    %load/vec4 v0x6000001ef840_0;
    %store/vec4 v0x6000001e83f0_0, 0, 4;
    %pushi/vec4 4, 0, 6;
    %store/vec4 v0x6000001e82d0_0, 0, 6;
    %load/vec4 v0x6000001e8990_0;
    %store/vec4 v0x6000001e85a0_0, 0, 32;
    %load/vec4 v0x6000001e8870_0;
    %store/vec4 v0x6000001e8480_0, 0, 4;
    %load/vec4 v0x6000001ef180_0;
    %parti/s 1, 31, 6;
    %replicate 21;
    %load/vec4 v0x6000001ef180_0;
    %parti/s 11, 20, 6;
    %concat/vec4; draw_concat_vec4
    %store/vec4 v0x6000001e8240_0, 0, 32;
    %load/vec4 v0x6000001e86c0_0;
    %store/vec4 v0x6000001efd50_0, 0, 5;
    %jmp T_0.11;
T_0.6 ;
    %load/vec4 v0x6000001ef840_0;
    %store/vec4 v0x6000001e83f0_0, 0, 4;
    %load/vec4 v0x6000001e8990_0;
    %store/vec4 v0x6000001e85a0_0, 0, 32;
    %load/vec4 v0x6000001e8870_0;
    %store/vec4 v0x6000001e8480_0, 0, 4;
    %load/vec4 v0x6000001e8a20_0;
    %store/vec4 v0x6000001e8630_0, 0, 32;
    %load/vec4 v0x6000001e8900_0;
    %store/vec4 v0x6000001e8510_0, 0, 4;
    %load/vec4 v0x6000001ef180_0;
    %parti/s 1, 31, 6;
    %replicate 20;
    %load/vec4 v0x6000001ef180_0;
    %parti/s 1, 7, 4;
    %concat/vec4; draw_concat_vec4
    %load/vec4 v0x6000001ef180_0;
    %parti/s 6, 25, 6;
    %concat/vec4; draw_concat_vec4
    %load/vec4 v0x6000001ef180_0;
    %parti/s 4, 8, 5;
    %concat/vec4; draw_concat_vec4
    %concati/vec4 0, 0, 1;
    %store/vec4 v0x6000001e8240_0, 0, 32;
    %load/vec4 v0x6000001ef060_0;
    %dup/vec4;
    %pushi/vec4 0, 0, 3;
    %cmp/u;
    %jmp/1 T_0.12, 6;
    %dup/vec4;
    %pushi/vec4 1, 0, 3;
    %cmp/u;
    %jmp/1 T_0.13, 6;
    %dup/vec4;
    %pushi/vec4 4, 0, 3;
    %cmp/u;
    %jmp/1 T_0.14, 6;
    %dup/vec4;
    %pushi/vec4 5, 0, 3;
    %cmp/u;
    %jmp/1 T_0.15, 6;
    %dup/vec4;
    %pushi/vec4 6, 0, 3;
    %cmp/u;
    %jmp/1 T_0.16, 6;
    %dup/vec4;
    %pushi/vec4 7, 0, 3;
    %cmp/u;
    %jmp/1 T_0.17, 6;
    %jmp T_0.18;
T_0.12 ;
    %pushi/vec4 5, 0, 6;
    %store/vec4 v0x6000001e82d0_0, 0, 6;
    %pushi/vec4 5, 0, 6;
    %store/vec4 v0x6000001e81b0_0, 0, 6;
    %jmp T_0.18;
T_0.13 ;
    %pushi/vec4 6, 0, 6;
    %store/vec4 v0x6000001e82d0_0, 0, 6;
    %pushi/vec4 6, 0, 6;
    %store/vec4 v0x6000001e81b0_0, 0, 6;
    %jmp T_0.18;
T_0.14 ;
    %pushi/vec4 7, 0, 6;
    %store/vec4 v0x6000001e82d0_0, 0, 6;
    %pushi/vec4 7, 0, 6;
    %store/vec4 v0x6000001e81b0_0, 0, 6;
    %jmp T_0.18;
T_0.15 ;
    %pushi/vec4 8, 0, 6;
    %store/vec4 v0x6000001e82d0_0, 0, 6;
    %pushi/vec4 8, 0, 6;
    %store/vec4 v0x6000001e81b0_0, 0, 6;
    %jmp T_0.18;
T_0.16 ;
    %pushi/vec4 9, 0, 6;
    %store/vec4 v0x6000001e82d0_0, 0, 6;
    %pushi/vec4 15, 0, 6;
    %store/vec4 v0x6000001e81b0_0, 0, 6;
    %jmp T_0.18;
T_0.17 ;
    %pushi/vec4 10, 0, 6;
    %store/vec4 v0x6000001e82d0_0, 0, 6;
    %pushi/vec4 10, 0, 6;
    %store/vec4 v0x6000001e81b0_0, 0, 6;
    %jmp T_0.18;
T_0.18 ;
    %pop/vec4 1;
    %jmp T_0.11;
T_0.7 ;
    %pushi/vec4 0, 0, 27;
    %load/vec4 v0x6000001e86c0_0;
    %concat/vec4; draw_concat_vec4
    %store/vec4 v0x6000001e8000_0, 0, 32;
    %load/vec4 v0x6000001ef840_0;
    %store/vec4 v0x6000001efa80_0, 0, 4;
    %load/vec4 v0x6000001e8990_0;
    %store/vec4 v0x6000001efc30_0, 0, 32;
    %load/vec4 v0x6000001e8870_0;
    %store/vec4 v0x6000001efb10_0, 0, 4;
    %load/vec4 v0x6000001ef180_0;
    %parti/s 1, 31, 6;
    %replicate 21;
    %load/vec4 v0x6000001ef180_0;
    %parti/s 11, 20, 6;
    %concat/vec4; draw_concat_vec4
    %store/vec4 v0x6000001ef960_0, 0, 32;
    %load/vec4 v0x6000001e86c0_0;
    %store/vec4 v0x6000001efd50_0, 0, 5;
    %load/vec4 v0x6000001ef060_0;
    %dup/vec4;
    %pushi/vec4 0, 0, 3;
    %cmp/u;
    %jmp/1 T_0.19, 6;
    %dup/vec4;
    %pushi/vec4 1, 0, 3;
    %cmp/u;
    %jmp/1 T_0.20, 6;
    %dup/vec4;
    %pushi/vec4 2, 0, 3;
    %cmp/u;
    %jmp/1 T_0.21, 6;
    %dup/vec4;
    %pushi/vec4 4, 0, 3;
    %cmp/u;
    %jmp/1 T_0.22, 6;
    %dup/vec4;
    %pushi/vec4 5, 0, 3;
    %cmp/u;
    %jmp/1 T_0.23, 6;
    %jmp T_0.24;
T_0.19 ;
    %pushi/vec4 11, 0, 6;
    %store/vec4 v0x6000001ef9f0_0, 0, 6;
    %pushi/vec4 11, 0, 6;
    %store/vec4 v0x6000001e81b0_0, 0, 6;
    %jmp T_0.24;
T_0.20 ;
    %pushi/vec4 12, 0, 6;
    %store/vec4 v0x6000001ef9f0_0, 0, 6;
    %pushi/vec4 12, 0, 6;
    %store/vec4 v0x6000001e81b0_0, 0, 6;
    %jmp T_0.24;
T_0.21 ;
    %pushi/vec4 13, 0, 6;
    %store/vec4 v0x6000001ef9f0_0, 0, 6;
    %pushi/vec4 13, 0, 6;
    %store/vec4 v0x6000001e81b0_0, 0, 6;
    %jmp T_0.24;
T_0.22 ;
    %pushi/vec4 14, 0, 6;
    %store/vec4 v0x6000001ef9f0_0, 0, 6;
    %pushi/vec4 14, 0, 6;
    %store/vec4 v0x6000001e81b0_0, 0, 6;
    %jmp T_0.24;
T_0.23 ;
    %pushi/vec4 15, 0, 6;
    %store/vec4 v0x6000001ef9f0_0, 0, 6;
    %pushi/vec4 15, 0, 6;
    %store/vec4 v0x6000001e81b0_0, 0, 6;
    %jmp T_0.24;
T_0.24 ;
    %pop/vec4 1;
    %jmp T_0.11;
T_0.8 ;
    %load/vec4 v0x6000001ef840_0;
    %store/vec4 v0x6000001efa80_0, 0, 4;
    %load/vec4 v0x6000001e8990_0;
    %store/vec4 v0x6000001efc30_0, 0, 32;
    %load/vec4 v0x6000001e8870_0;
    %store/vec4 v0x6000001efb10_0, 0, 4;
    %load/vec4 v0x6000001e8a20_0;
    %store/vec4 v0x6000001efcc0_0, 0, 32;
    %load/vec4 v0x6000001e8900_0;
    %store/vec4 v0x6000001efba0_0, 0, 4;
    %load/vec4 v0x6000001ef180_0;
    %parti/s 1, 31, 6;
    %replicate 21;
    %load/vec4 v0x6000001ef180_0;
    %parti/s 6, 25, 6;
    %concat/vec4; draw_concat_vec4
    %load/vec4 v0x6000001ef180_0;
    %parti/s 5, 7, 4;
    %concat/vec4; draw_concat_vec4
    %store/vec4 v0x6000001ef960_0, 0, 32;
    %load/vec4 v0x6000001ef060_0;
    %dup/vec4;
    %pushi/vec4 0, 0, 3;
    %cmp/u;
    %jmp/1 T_0.25, 6;
    %dup/vec4;
    %pushi/vec4 1, 0, 3;
    %cmp/u;
    %jmp/1 T_0.26, 6;
    %dup/vec4;
    %pushi/vec4 2, 0, 3;
    %cmp/u;
    %jmp/1 T_0.27, 6;
    %jmp T_0.28;
T_0.25 ;
    %pushi/vec4 16, 0, 6;
    %store/vec4 v0x6000001ef9f0_0, 0, 6;
    %pushi/vec4 16, 0, 6;
    %store/vec4 v0x6000001e81b0_0, 0, 6;
    %jmp T_0.28;
T_0.26 ;
    %pushi/vec4 17, 0, 6;
    %store/vec4 v0x6000001ef9f0_0, 0, 6;
    %pushi/vec4 17, 0, 6;
    %store/vec4 v0x6000001e81b0_0, 0, 6;
    %jmp T_0.28;
T_0.27 ;
    %pushi/vec4 18, 0, 6;
    %store/vec4 v0x6000001ef9f0_0, 0, 6;
    %pushi/vec4 18, 0, 6;
    %store/vec4 v0x6000001e81b0_0, 0, 6;
    %jmp T_0.28;
T_0.28 ;
    %pop/vec4 1;
    %jmp T_0.11;
T_0.9 ;
    %pushi/vec4 0, 0, 27;
    %load/vec4 v0x6000001e86c0_0;
    %concat/vec4; draw_concat_vec4
    %store/vec4 v0x6000001e8000_0, 0, 32;
    %load/vec4 v0x6000001ef840_0;
    %store/vec4 v0x6000001e83f0_0, 0, 4;
    %load/vec4 v0x6000001e8990_0;
    %store/vec4 v0x6000001e85a0_0, 0, 32;
    %load/vec4 v0x6000001e8870_0;
    %store/vec4 v0x6000001e8480_0, 0, 4;
    %load/vec4 v0x6000001ef180_0;
    %parti/s 1, 31, 6;
    %replicate 21;
    %load/vec4 v0x6000001ef180_0;
    %parti/s 11, 20, 6;
    %concat/vec4; draw_concat_vec4
    %store/vec4 v0x6000001e8240_0, 0, 32;
    %load/vec4 v0x6000001e86c0_0;
    %store/vec4 v0x6000001efd50_0, 0, 5;
    %load/vec4 v0x6000001ef060_0;
    %dup/vec4;
    %pushi/vec4 0, 0, 3;
    %cmp/u;
    %jmp/1 T_0.29, 6;
    %dup/vec4;
    %pushi/vec4 2, 0, 3;
    %cmp/u;
    %jmp/1 T_0.30, 6;
    %dup/vec4;
    %pushi/vec4 3, 0, 3;
    %cmp/u;
    %jmp/1 T_0.31, 6;
    %dup/vec4;
    %pushi/vec4 4, 0, 3;
    %cmp/u;
    %jmp/1 T_0.32, 6;
    %dup/vec4;
    %pushi/vec4 6, 0, 3;
    %cmp/u;
    %jmp/1 T_0.33, 6;
    %dup/vec4;
    %pushi/vec4 7, 0, 3;
    %cmp/u;
    %jmp/1 T_0.34, 6;
    %dup/vec4;
    %pushi/vec4 1, 0, 3;
    %cmp/u;
    %jmp/1 T_0.35, 6;
    %dup/vec4;
    %pushi/vec4 5, 0, 3;
    %cmp/u;
    %jmp/1 T_0.36, 6;
    %jmp T_0.37;
T_0.29 ;
    %pushi/vec4 19, 0, 6;
    %store/vec4 v0x6000001e82d0_0, 0, 6;
    %pushi/vec4 19, 0, 6;
    %store/vec4 v0x6000001e81b0_0, 0, 6;
    %jmp T_0.37;
T_0.30 ;
    %pushi/vec4 20, 0, 6;
    %store/vec4 v0x6000001e82d0_0, 0, 6;
    %pushi/vec4 20, 0, 6;
    %store/vec4 v0x6000001e81b0_0, 0, 6;
    %jmp T_0.37;
T_0.31 ;
    %pushi/vec4 21, 0, 6;
    %store/vec4 v0x6000001e82d0_0, 0, 6;
    %pushi/vec4 21, 0, 6;
    %store/vec4 v0x6000001e81b0_0, 0, 6;
    %jmp T_0.37;
T_0.32 ;
    %pushi/vec4 22, 0, 6;
    %store/vec4 v0x6000001e82d0_0, 0, 6;
    %pushi/vec4 22, 0, 6;
    %store/vec4 v0x6000001e81b0_0, 0, 6;
    %jmp T_0.37;
T_0.33 ;
    %pushi/vec4 23, 0, 6;
    %store/vec4 v0x6000001e82d0_0, 0, 6;
    %pushi/vec4 23, 0, 6;
    %store/vec4 v0x6000001e81b0_0, 0, 6;
    %jmp T_0.37;
T_0.34 ;
    %pushi/vec4 24, 0, 6;
    %store/vec4 v0x6000001e82d0_0, 0, 6;
    %pushi/vec4 24, 0, 6;
    %store/vec4 v0x6000001e81b0_0, 0, 6;
    %jmp T_0.37;
T_0.35 ;
    %pushi/vec4 25, 0, 6;
    %store/vec4 v0x6000001e82d0_0, 0, 6;
    %pushi/vec4 25, 0, 6;
    %store/vec4 v0x6000001e81b0_0, 0, 6;
    %pushi/vec4 0, 0, 26;
    %load/vec4 v0x6000001ef180_0;
    %parti/s 6, 20, 6;
    %concat/vec4; draw_concat_vec4
    %store/vec4 v0x6000001e8240_0, 0, 32;
    %jmp T_0.37;
T_0.36 ;
    %pushi/vec4 0, 0, 26;
    %load/vec4 v0x6000001ef180_0;
    %parti/s 6, 20, 6;
    %concat/vec4; draw_concat_vec4
    %store/vec4 v0x6000001e8240_0, 0, 32;
    %load/vec4 v0x6000001ef0f0_0;
    %dup/vec4;
    %pushi/vec4 0, 0, 7;
    %cmp/u;
    %jmp/1 T_0.38, 6;
    %dup/vec4;
    %pushi/vec4 32, 0, 7;
    %cmp/u;
    %jmp/1 T_0.39, 6;
    %jmp T_0.40;
T_0.38 ;
    %pushi/vec4 26, 0, 6;
    %store/vec4 v0x6000001e82d0_0, 0, 6;
    %pushi/vec4 26, 0, 6;
    %store/vec4 v0x6000001e81b0_0, 0, 6;
    %jmp T_0.40;
T_0.39 ;
    %pushi/vec4 27, 0, 6;
    %store/vec4 v0x6000001e82d0_0, 0, 6;
    %pushi/vec4 27, 0, 6;
    %store/vec4 v0x6000001e81b0_0, 0, 6;
    %jmp T_0.40;
T_0.40 ;
    %pop/vec4 1;
    %jmp T_0.37;
T_0.37 ;
    %pop/vec4 1;
    %jmp T_0.11;
T_0.10 ;
    %pushi/vec4 0, 0, 27;
    %load/vec4 v0x6000001e86c0_0;
    %concat/vec4; draw_concat_vec4
    %store/vec4 v0x6000001e8000_0, 0, 32;
    %load/vec4 v0x6000001ef840_0;
    %store/vec4 v0x6000001e83f0_0, 0, 4;
    %load/vec4 v0x6000001e8990_0;
    %store/vec4 v0x6000001e85a0_0, 0, 32;
    %load/vec4 v0x6000001e8870_0;
    %store/vec4 v0x6000001e8480_0, 0, 4;
    %load/vec4 v0x6000001e8a20_0;
    %store/vec4 v0x6000001e8630_0, 0, 32;
    %load/vec4 v0x6000001e8900_0;
    %store/vec4 v0x6000001e8510_0, 0, 4;
    %load/vec4 v0x6000001e86c0_0;
    %store/vec4 v0x6000001efd50_0, 0, 5;
    %load/vec4 v0x6000001ef060_0;
    %dup/vec4;
    %pushi/vec4 0, 0, 3;
    %cmp/u;
    %jmp/1 T_0.41, 6;
    %dup/vec4;
    %pushi/vec4 1, 0, 3;
    %cmp/u;
    %jmp/1 T_0.42, 6;
    %dup/vec4;
    %pushi/vec4 2, 0, 3;
    %cmp/u;
    %jmp/1 T_0.43, 6;
    %dup/vec4;
    %pushi/vec4 3, 0, 3;
    %cmp/u;
    %jmp/1 T_0.44, 6;
    %dup/vec4;
    %pushi/vec4 4, 0, 3;
    %cmp/u;
    %jmp/1 T_0.45, 6;
    %dup/vec4;
    %pushi/vec4 5, 0, 3;
    %cmp/u;
    %jmp/1 T_0.46, 6;
    %dup/vec4;
    %pushi/vec4 6, 0, 3;
    %cmp/u;
    %jmp/1 T_0.47, 6;
    %dup/vec4;
    %pushi/vec4 7, 0, 3;
    %cmp/u;
    %jmp/1 T_0.48, 6;
    %jmp T_0.49;
T_0.41 ;
    %load/vec4 v0x6000001ef0f0_0;
    %dup/vec4;
    %pushi/vec4 0, 0, 7;
    %cmp/u;
    %jmp/1 T_0.50, 6;
    %dup/vec4;
    %pushi/vec4 32, 0, 7;
    %cmp/u;
    %jmp/1 T_0.51, 6;
    %jmp T_0.52;
T_0.50 ;
    %pushi/vec4 28, 0, 6;
    %store/vec4 v0x6000001e82d0_0, 0, 6;
    %pushi/vec4 28, 0, 6;
    %store/vec4 v0x6000001e81b0_0, 0, 6;
    %jmp T_0.52;
T_0.51 ;
    %pushi/vec4 29, 0, 6;
    %store/vec4 v0x6000001e82d0_0, 0, 6;
    %pushi/vec4 29, 0, 6;
    %store/vec4 v0x6000001e81b0_0, 0, 6;
    %jmp T_0.52;
T_0.52 ;
    %pop/vec4 1;
    %jmp T_0.49;
T_0.42 ;
    %pushi/vec4 30, 0, 6;
    %store/vec4 v0x6000001e82d0_0, 0, 6;
    %pushi/vec4 30, 0, 6;
    %store/vec4 v0x6000001e81b0_0, 0, 6;
    %jmp T_0.49;
T_0.43 ;
    %pushi/vec4 31, 0, 6;
    %store/vec4 v0x6000001e82d0_0, 0, 6;
    %pushi/vec4 31, 0, 6;
    %store/vec4 v0x6000001e81b0_0, 0, 6;
    %jmp T_0.49;
T_0.44 ;
    %pushi/vec4 32, 0, 6;
    %store/vec4 v0x6000001e82d0_0, 0, 6;
    %pushi/vec4 32, 0, 6;
    %store/vec4 v0x6000001e81b0_0, 0, 6;
    %jmp T_0.49;
T_0.45 ;
    %pushi/vec4 33, 0, 6;
    %store/vec4 v0x6000001e82d0_0, 0, 6;
    %pushi/vec4 33, 0, 6;
    %store/vec4 v0x6000001e81b0_0, 0, 6;
    %jmp T_0.49;
T_0.46 ;
    %load/vec4 v0x6000001ef0f0_0;
    %dup/vec4;
    %pushi/vec4 0, 0, 7;
    %cmp/u;
    %jmp/1 T_0.53, 6;
    %dup/vec4;
    %pushi/vec4 32, 0, 7;
    %cmp/u;
    %jmp/1 T_0.54, 6;
    %jmp T_0.55;
T_0.53 ;
    %pushi/vec4 34, 0, 6;
    %store/vec4 v0x6000001e82d0_0, 0, 6;
    %pushi/vec4 34, 0, 6;
    %store/vec4 v0x6000001e81b0_0, 0, 6;
    %jmp T_0.55;
T_0.54 ;
    %pushi/vec4 35, 0, 6;
    %store/vec4 v0x6000001e82d0_0, 0, 6;
    %pushi/vec4 35, 0, 6;
    %store/vec4 v0x6000001e81b0_0, 0, 6;
    %jmp T_0.55;
T_0.55 ;
    %pop/vec4 1;
    %jmp T_0.49;
T_0.47 ;
    %pushi/vec4 36, 0, 6;
    %store/vec4 v0x6000001e82d0_0, 0, 6;
    %pushi/vec4 36, 0, 6;
    %store/vec4 v0x6000001e81b0_0, 0, 6;
    %jmp T_0.49;
T_0.48 ;
    %pushi/vec4 37, 0, 6;
    %store/vec4 v0x6000001e82d0_0, 0, 6;
    %pushi/vec4 37, 0, 6;
    %store/vec4 v0x6000001e81b0_0, 0, 6;
    %jmp T_0.49;
T_0.49 ;
    %pop/vec4 1;
    %jmp T_0.11;
T_0.11 ;
    %pop/vec4 1;
T_0.0 ;
    %jmp T_0;
    .thread T_0, $push;
# The file index is used to find the file name in the following table.
:file_names 3;
    "N/A";
    "<interactive>";
    "decode.v";
